["set",["counter",3],{"ts":1461020144335}]
["incr",["counter2",{"by":3,"def":400}],{"ts":1461020144337}]
["dec",["counter2"],{"ts":1461020144363}]
["set",["counter",3],{"ts":1461020939691}]
["incr",["counter2",{"by":3,"def":400}],{"ts":1461020939693}]
["dec",["counter2"],{"ts":1461020939717}]
["set",["counter",3],{"ts":1461020955095}]
["incr",["counter2",{"by":3,"def":400}],{"ts":1461020955100}]
["dec",["counter2"],{"ts":1461020955126}]
["set",["counter",3],{"ts":1461021042702}]
["incr",["counter2",{"by":3,"def":400}],{"ts":1461021042708}]
["dec",["counter2"],{"ts":1461021042733}]
["set",["counter",3],{"ts":1461021144940}]
["set",["counter",3],{"ts":1461022679391}]
["incr",["counter2",{"by":3,"def":400}],{"ts":1461022679393}]
["dec",["counter2"],{"ts":1461022679404}]
["set",["counter",3],{"ts":1461022736328}]
["incr",["counter2",{"by":3,"def":400}],{"ts":1461022736331}]
["dec",["counter2"],{"ts":1461022736342}]
["set",["boris",{"id":"fk2n32k","name":"Boris j"}],     {"ts":1461022841883}]
["set",["boris",{"id":"fk2n32k","name":"Boris Jonson"}],{"ts":1461022903348}]
